<?xml version="1.0" encoding="UTF-8"?>
<!-- Generated by org.testng.reporters.JUnitReportReporter -->
<testsuite skipped="0" hostname="ip-172-31-83-226" name="com.swiggy.testscripts.TestRunner" tests="2" failures="0" timestamp="2021-11-27T10:22:07 UTC" time="34.648" errors="0">
  <testcase name="runScenario" time="18.218" classname="com.swiggy.testscripts.TestRunner"/>
  <system-out/>
  <testcase name="runScenario" time="16.430" classname="com.swiggy.testscripts.TestRunner"/>
  <system-out/>
</testsuite> <!-- com.swiggy.testscripts.TestRunner -->
